0 info it worked if it ends with ok
1 verbose cli [ 'C:\\Program Files\\nodejs\\node.exe',
1 verbose cli   'C:\\Program Files\\nodejs\\node_modules\\npm\\bin\\npm-cli.js',
1 verbose cli   'start' ]
2 info using npm@3.10.10
3 info using node@v6.9.5
4 verbose run-script [ 'prestart', 'start', 'poststart' ]
5 info lifecycle Every_Man_For_Himself@0.0.1~prestart: Every_Man_For_Himself@0.0.1
6 silly lifecycle Every_Man_For_Himself@0.0.1~prestart: no script for prestart, continuing
7 info lifecycle Every_Man_For_Himself@0.0.1~start: Every_Man_For_Himself@0.0.1
8 verbose lifecycle Every_Man_For_Himself@0.0.1~start: unsafe-perm in lifecycle true
9 verbose lifecycle Every_Man_For_Himself@0.0.1~start: PATH: C:\Program Files\nodejs\node_modules\npm\bin\node-gyp-bin;C:\Users\kunnav\Music\Documents\WebSystemsScienceDevelopment\WebSciGroup6\node_modules\.bin;C:\cygwin\usr\local\bin;C:\cygwin\bin;C:\Program Files (x86)\NVIDIA Corporation\PhysX\Common;C:\Program Files\Common Files\Microsoft Shared\Windows Live;C:\Program Files (x86)\Common Files\Microsoft Shared\Windows Live;C:\ProgramData\Oracle\Java\javapath;C:\Program Files (x86)\Common Files\Intel\Shared Libraries\redist\intel64\compiler;C:\Program Files (x86)\Common Files\Intel\Shared Libraries\redist\ia32\compiler;C:\Program Files (x86)\Intel\iCLS Client;C:\Program Files\Intel\iCLS Client;C:\Windows\system32;C:\Windows;C:\Windows\System32\Wbem;C:\Windows\System32\WindowsPowerShell\v1.0;C:\Program Files\ThinkPad\Bluetooth Software;C:\Program Files\ThinkPad\Bluetooth Software\syswow64;C:\Program Files\Intel\Intel(R) Management Engine Components\DAL;C:\Program Files\Intel\Intel(R) Management Engine Components\IPT;C:\Program Files (x86)\Intel\Intel(R) Management Engine Components\DAL;C:\Program Files (x86)\Intel\Intel(R) Management Engine Components\IPT;C:\Program Files\Intel\WiFi\bin;C:\Program Files\Common Files\Intel\WirelessCommon;C:\Program Files\MATLAB\R2013a\bin;C:\Program Files\OpenAFS\Common;C:\Program Files\OpenAFS\Client\Program;C:\Program Files (x86)\Common Files\Lenovo;C:\Program Files (x86)\Microsoft SQL Server\90\Tools\binn;C:\Program Files (x86)\Intel\OpenCL SDK\2.0\bin\x86;C:\Program Files (x86)\Intel\OpenCL SDK\2.0\bin\x64;C:\Program Files (x86)\QuickTime\QTSystem;C:\Python27;C:\Python27\Scripts;C:\Program Files (x86)\Windows Live\Shared;C:\Program Files\Microsoft SQL Server\130\Tools\Binn;C:\Program Files\Git\cmd;C:\Program Files\nodejs;C:\Program Files\Intel\WiFi\bin;C:\Program Files\Common Files\Intel\WirelessCommon;C:\Program Files (x86)\Dr. Memory\bin;C:\Users\kunnav\AppData\Roaming\npm;C:\cygwin\lib\lapack
10 verbose lifecycle Every_Man_For_Himself@0.0.1~start: CWD: C:\Users\kunnav\Music\Documents\WebSystemsScienceDevelopment\WebSciGroup6
11 silly lifecycle Every_Man_For_Himself@0.0.1~start: Args: [ '/d /s /c', 'node server.js' ]
12 silly lifecycle Every_Man_For_Himself@0.0.1~start: Returned: code: 1  signal: null
13 info lifecycle Every_Man_For_Himself@0.0.1~start: Failed to exec start script
14 verbose stack Error: Every_Man_For_Himself@0.0.1 start: `node server.js`
14 verbose stack Exit status 1
14 verbose stack     at EventEmitter.<anonymous> (C:\Program Files\nodejs\node_modules\npm\lib\utils\lifecycle.js:255:16)
14 verbose stack     at emitTwo (events.js:106:13)
14 verbose stack     at EventEmitter.emit (events.js:191:7)
14 verbose stack     at ChildProcess.<anonymous> (C:\Program Files\nodejs\node_modules\npm\lib\utils\spawn.js:40:14)
14 verbose stack     at emitTwo (events.js:106:13)
14 verbose stack     at ChildProcess.emit (events.js:191:7)
14 verbose stack     at maybeClose (internal/child_process.js:877:16)
14 verbose stack     at Process.ChildProcess._handle.onexit (internal/child_process.js:226:5)
15 verbose pkgid Every_Man_For_Himself@0.0.1
16 verbose cwd C:\Users\kunnav\Music\Documents\WebSystemsScienceDevelopment\WebSciGroup6
17 error Windows_NT 6.1.7601
18 error argv "C:\\Program Files\\nodejs\\node.exe" "C:\\Program Files\\nodejs\\node_modules\\npm\\bin\\npm-cli.js" "start"
19 error node v6.9.5
20 error npm  v3.10.10
21 error code ELIFECYCLE
22 error Every_Man_For_Himself@0.0.1 start: `node server.js`
22 error Exit status 1
23 error Failed at the Every_Man_For_Himself@0.0.1 start script 'node server.js'.
23 error Make sure you have the latest version of node.js and npm installed.
23 error If you do, this is most likely a problem with the Every_Man_For_Himself package,
23 error not with npm itself.
23 error Tell the author that this fails on your system:
23 error     node server.js
23 error You can get information on how to open an issue for this project with:
23 error     npm bugs Every_Man_For_Himself
23 error Or if that isn't available, you can get their info via:
23 error     npm owner ls Every_Man_For_Himself
23 error There is likely additional logging output above.
24 verbose exit [ 1, true ]
